In file included from [01m[K/home/leo/Desktop/ati_ft_docker/ros2/src/netft_rdt_driver/include/netft_rdt_driver/netft_rdt_bias.h:8[m[K,
                 from [01m[K/home/leo/Desktop/ati_ft_docker/ros2/src/netft_rdt_driver/src/netft_rdt_bias.cpp:1[m[K:
[01m[K/home/leo/Desktop/ati_ft_docker/ros2/build/netft_rdt_driver/rosidl_generator_cpp/netft_rdt_driver/srv/string_cmd.hpp:7:10:[m[K [01;31m[Kfatal error: [m[Knetft_rdt_driver/srv/detail/string_cmd__struct.hpp: No such file or directory
    7 | #include [01;31m[K"netft_rdt_driver/srv/detail/string_cmd__struct.hpp"[m[K
      |          [01;31m[K^~~~~~~~~~~~~~~~~~~~~~~~~~~~~~~~~~~~~~~~~~~~~~~~~~~~[m[K
compilation terminated.
gmake[2]: *** [CMakeFiles/netft_rdt_driver_lib.dir/build.make:90: CMakeFiles/netft_rdt_driver_lib.dir/src/netft_rdt_bias.cpp.o] Error 1
gmake[2]: *** Waiting for unfinished jobs....
gmake[1]: *** [CMakeFiles/Makefile2:594: CMakeFiles/netft_rdt_driver_lib.dir/all] Error 2
gmake: *** [Makefile:146: all] Error 2
